  SimulationController.cpp
C:\Program Files (x86)\Windows Kits\10\Include\10.0.22000.0\ucrt\corecrt_math_defines.h(28,1): warning C4005: 'M_PI': redefinição de macro
C:\vcpkg\installed\x64-windows\include\mlpack\base.hpp(43,1): message : consulte a definição anterior de 'M_PI'
C:\vcpkg\installed\x64-windows\include\mlpack\core\util\params_impl.hpp(70,34): warning C4804: '>': uso não seguro de tipo 'bool' em operação
  FailureController.cpp
  ParamsController.cpp
  ProcessUnitSC.cpp
C:\Program Files (x86)\Windows Kits\10\Include\10.0.22000.0\ucrt\corecrt_math_defines.h(28,1): warning C4005: 'M_PI': redefinição de macro
C:\vcpkg\installed\x64-windows\include\mlpack\base.hpp(43,1): message : consulte a definição anterior de 'M_PI'
C:\vcpkg\installed\x64-windows\include\mlpack\core\util\params_impl.hpp(70,34): warning C4804: '>': uso não seguro de tipo 'bool' em operação
  Supervised.cpp
  CorrectOutputGenerator.cpp
  FailedOutputGenerator.cpp
  OutputGenerator.cpp
  ProcessUnitSD.cpp
  Supervisor.cpp
C:\Program Files (x86)\Windows Kits\10\Include\10.0.22000.0\ucrt\corecrt_math_defines.h(28,1): warning C4005: 'M_PI': redefinição de macro
C:\vcpkg\installed\x64-windows\include\mlpack\base.hpp(43,1): message : consulte a definição anterior de 'M_PI'
C:\vcpkg\installed\x64-windows\include\mlpack\core\util\params_impl.hpp(70,34): warning C4804: '>': uso não seguro de tipo 'bool' em operação
  AnalysisUnit.cpp
C:\vcpkg\installed\x64-windows\include\mlpack\core\util\params_impl.hpp(70,34): warning C4804: '>': uso não seguro de tipo 'bool' em operação
  DataHandler.cpp
C:\vcpkg\installed\x64-windows\include\mlpack\core\util\params_impl.hpp(70,34): warning C4804: '>': uso não seguro de tipo 'bool' em operação
C:\Users\GAS-Admin\source\repos\EC3-C++_Fault_Detection\src\components\Supervisor\units\DataHandler.cpp(35,48): warning C4129: 'H': sequência de escape de caractere não reconhecida
C:\Users\GAS-Admin\source\repos\EC3-C++_Fault_Detection\src\components\Supervisor\units\DataHandler.cpp(36,48): warning C4129: 'H': sequência de escape de caractere não reconhecida
  ProcessUnitSR.cpp
C:\Program Files (x86)\Windows Kits\10\Include\10.0.22000.0\ucrt\corecrt_math_defines.h(28,1): warning C4005: 'M_PI': redefinição de macro
C:\vcpkg\installed\x64-windows\include\mlpack\base.hpp(43,1): message : consulte a definição anterior de 'M_PI'
C:\vcpkg\installed\x64-windows\include\mlpack\core\util\params_impl.hpp(70,34): warning C4804: '>': uso não seguro de tipo 'bool' em operação
  Component.cpp
  AbortSimulationOpExcep.cpp
  FailureDetectedExcep.cpp
  IncompatibleIterationExcep.cpp
  RegistersOverflowExcep.cpp
  main.cpp
C:\Program Files (x86)\Windows Kits\10\Include\10.0.22000.0\ucrt\corecrt_math_defines.h(28,1): warning C4005: 'M_PI': redefinição de macro
C:\vcpkg\installed\x64-windows\include\mlpack\base.hpp(43,1): message : consulte a definição anterior de 'M_PI'
C:\vcpkg\installed\x64-windows\include\mlpack\core\util\params_impl.hpp(70,34): warning C4804: '>': uso não seguro de tipo 'bool' em operação
  SimulatorFailureExcep.cpp
  Gerando Código...
  Compilando...
  KMeans.cpp
C:\vcpkg\installed\x64-windows\include\mlpack\core\util\params_impl.hpp(70,34): warning C4804: '>': uso não seguro de tipo 'bool' em operação
  SilhouetteScore.cpp
C:\vcpkg\installed\x64-windows\include\mlpack\core\util\params_impl.hpp(70,34): warning C4804: '>': uso não seguro de tipo 'bool' em operação
  MtRandEngine.cpp
  KMeansTest1.cpp
C:\vcpkg\installed\x64-windows\include\mlpack\core\util\params_impl.hpp(70,34): warning C4804: '>': uso não seguro de tipo 'bool' em operação
  KMeansTest2.cpp
C:\vcpkg\installed\x64-windows\include\mlpack\core\util\params_impl.hpp(70,34): warning C4804: '>': uso não seguro de tipo 'bool' em operação
  KMeansTest3.cpp
C:\vcpkg\installed\x64-windows\include\mlpack\core\util\params_impl.hpp(70,34): warning C4804: '>': uso não seguro de tipo 'bool' em operação
  KMeansTest4.cpp
C:\vcpkg\installed\x64-windows\include\mlpack\core\util\params_impl.hpp(70,34): warning C4804: '>': uso não seguro de tipo 'bool' em operação
  RandomGeneratorTest.cpp
  LoadFaultModesTest.cpp
  SimulationControllerTest1.cpp
C:\Program Files (x86)\Windows Kits\10\Include\10.0.22000.0\ucrt\corecrt_math_defines.h(28,1): warning C4005: 'M_PI': redefinição de macro
C:\vcpkg\installed\x64-windows\include\mlpack\base.hpp(43,1): message : consulte a definição anterior de 'M_PI'
C:\vcpkg\installed\x64-windows\include\mlpack\core\util\params_impl.hpp(70,34): warning C4804: '>': uso não seguro de tipo 'bool' em operação
  SupervisorLogErrorTest.cpp
C:\Program Files (x86)\Windows Kits\10\Include\10.0.22000.0\ucrt\corecrt_math_defines.h(28,1): warning C4005: 'M_PI': redefinição de macro
C:\vcpkg\installed\x64-windows\include\mlpack\base.hpp(43,1): message : consulte a definição anterior de 'M_PI'
C:\vcpkg\installed\x64-windows\include\mlpack\core\util\params_impl.hpp(70,34): warning C4804: '>': uso não seguro de tipo 'bool' em operação
  Gerando Código...
     Criando biblioteca C:\Users\GAS-Admin\source\repos\EC3-C++_Fault_Detection\x64\Debug\EC3_Fault_Detection.lib e objeto C:\Users\GAS-Admin\source\repos\EC3-C++_Fault_Detection\x64\Debug\EC3_Fault_Detection.exp
  EC3_Fault_Detection.vcxproj -> C:\Users\GAS-Admin\source\repos\EC3-C++_Fault_Detection\x64\Debug\EC3_Fault_Detection.exe
