c:\users\lucas\documents\poliusp\ic\ec3-dev\safetyartist\ec3-c++_fault_detection\x64\debug\vc143.pdb
c:\users\lucas\documents\poliusp\ic\ec3-dev\safetyartist\ec3-c++_fault_detection\x64\debug\vc143.idb
c:\users\lucas\documents\poliusp\ic\ec3-dev\safetyartist\ec3-c++_fault_detection\x64\debug\simulatorfailureexcep.obj
c:\users\lucas\documents\poliusp\ic\ec3-dev\safetyartist\ec3-c++_fault_detection\x64\debug\main.obj
c:\users\lucas\documents\poliusp\ic\ec3-dev\safetyartist\ec3-c++_fault_detection\x64\debug\registersoverflowexcep.obj
c:\users\lucas\documents\poliusp\ic\ec3-dev\safetyartist\ec3-c++_fault_detection\x64\debug\incompatibleiterationexcep.obj
c:\users\lucas\documents\poliusp\ic\ec3-dev\safetyartist\ec3-c++_fault_detection\x64\debug\failuredetectedexcep.obj
c:\users\lucas\documents\poliusp\ic\ec3-dev\safetyartist\ec3-c++_fault_detection\x64\debug\abortsimulationopexcep.obj
c:\users\lucas\documents\poliusp\ic\ec3-dev\safetyartist\ec3-c++_fault_detection\x64\debug\component.obj
c:\users\lucas\documents\poliusp\ic\ec3-dev\safetyartist\ec3-c++_fault_detection\x64\debug\processunitsr.obj
c:\users\lucas\documents\poliusp\ic\ec3-dev\safetyartist\ec3-c++_fault_detection\x64\debug\datahandler.obj
c:\users\lucas\documents\poliusp\ic\ec3-dev\safetyartist\ec3-c++_fault_detection\x64\debug\analysisunit.obj
c:\users\lucas\documents\poliusp\ic\ec3-dev\safetyartist\ec3-c++_fault_detection\x64\debug\supervisor.obj
c:\users\lucas\documents\poliusp\ic\ec3-dev\safetyartist\ec3-c++_fault_detection\x64\debug\processunitsd.obj
c:\users\lucas\documents\poliusp\ic\ec3-dev\safetyartist\ec3-c++_fault_detection\x64\debug\outputgenerator.obj
c:\users\lucas\documents\poliusp\ic\ec3-dev\safetyartist\ec3-c++_fault_detection\x64\debug\failedoutputgenerator.obj
c:\users\lucas\documents\poliusp\ic\ec3-dev\safetyartist\ec3-c++_fault_detection\x64\debug\correctoutputgenerator.obj
c:\users\lucas\documents\poliusp\ic\ec3-dev\safetyartist\ec3-c++_fault_detection\x64\debug\supervised.obj
c:\users\lucas\documents\poliusp\ic\ec3-dev\safetyartist\ec3-c++_fault_detection\x64\debug\processunitsc.obj
c:\users\lucas\documents\poliusp\ic\ec3-dev\safetyartist\ec3-c++_fault_detection\x64\debug\paramscontroller.obj
c:\users\lucas\documents\poliusp\ic\ec3-dev\safetyartist\ec3-c++_fault_detection\x64\debug\failurecontroller.obj
c:\users\lucas\documents\poliusp\ic\ec3-dev\safetyartist\ec3-c++_fault_detection\x64\debug\simulationcontroller.obj
c:\users\lucas\documents\poliusp\ic\ec3-dev\safetyartist\ec3-c++_fault_detection\x64\debug\supervisorlogerrortest.obj
c:\users\lucas\documents\poliusp\ic\ec3-dev\safetyartist\ec3-c++_fault_detection\x64\debug\simulationcontrollertest1.obj
c:\users\lucas\documents\poliusp\ic\ec3-dev\safetyartist\ec3-c++_fault_detection\x64\debug\loadfaultmodestest.obj
c:\users\lucas\documents\poliusp\ic\ec3-dev\safetyartist\ec3-c++_fault_detection\x64\debug\randomgeneratortest.obj
c:\users\lucas\documents\poliusp\ic\ec3-dev\safetyartist\ec3-c++_fault_detection\x64\debug\kmeanstest4.obj
c:\users\lucas\documents\poliusp\ic\ec3-dev\safetyartist\ec3-c++_fault_detection\x64\debug\kmeanstest3.obj
c:\users\lucas\documents\poliusp\ic\ec3-dev\safetyartist\ec3-c++_fault_detection\x64\debug\kmeanstest2.obj
c:\users\lucas\documents\poliusp\ic\ec3-dev\safetyartist\ec3-c++_fault_detection\x64\debug\kmeanstest1.obj
c:\users\lucas\documents\poliusp\ic\ec3-dev\safetyartist\ec3-c++_fault_detection\x64\debug\mtrandengine.obj
c:\users\lucas\documents\poliusp\ic\ec3-dev\safetyartist\ec3-c++_fault_detection\x64\debug\silhouettescore.obj
c:\users\lucas\documents\poliusp\ic\ec3-dev\safetyartist\ec3-c++_fault_detection\x64\debug\kmeans.obj
c:\users\lucas\documents\poliusp\ic\ec3-dev\safetyartist\ec3-c++_fault_detection\x64\debug\liblapack.dll
c:\users\lucas\documents\poliusp\ic\ec3-dev\safetyartist\ec3-c++_fault_detection\x64\debug\libgcc_s_seh-1.dll
c:\users\lucas\documents\poliusp\ic\ec3-dev\safetyartist\ec3-c++_fault_detection\x64\debug\libwinpthread-1.dll
c:\users\lucas\documents\poliusp\ic\ec3-dev\safetyartist\ec3-c++_fault_detection\x64\debug\libgfortran-5.dll
c:\users\lucas\documents\poliusp\ic\ec3-dev\safetyartist\ec3-c++_fault_detection\x64\debug\libquadmath-0.dll
c:\users\lucas\documents\poliusp\ic\ec3-dev\safetyartist\ec3-c++_fault_detection\x64\debug\openblas.dll
c:\users\lucas\documents\poliusp\ic\ec3-dev\safetyartist\ec3-c++_fault_detection\x64\debug\ec3_fault_detection.lib
c:\users\lucas\documents\poliusp\ic\ec3-dev\safetyartist\ec3-c++_fault_detection\x64\debug\ec3_fault_detection.exp
c:\users\lucas\documents\poliusp\ic\ec3-dev\safetyartist\ec3-c++_fault_detection\x64\debug\ec3_fault_detection.exe
c:\users\lucas\documents\poliusp\ic\ec3-dev\safetyartist\ec3-c++_fault_detection\x64\debug\ec3_fault_detection.ilk
c:\users\lucas\documents\poliusp\ic\ec3-dev\safetyartist\ec3-c++_fault_detection\x64\debug\ec3_fault_detection.pdb
c:\users\lucas\documents\poliusp\ic\ec3-dev\safetyartist\ec3-c++_fault_detection\x64\debug\ec3_faul.b2ac7f7e.tlog\cl.command.1.tlog
c:\users\lucas\documents\poliusp\ic\ec3-dev\safetyartist\ec3-c++_fault_detection\x64\debug\ec3_faul.b2ac7f7e.tlog\cl.read.1.tlog
c:\users\lucas\documents\poliusp\ic\ec3-dev\safetyartist\ec3-c++_fault_detection\x64\debug\ec3_faul.b2ac7f7e.tlog\cl.write.1.tlog
c:\users\lucas\documents\poliusp\ic\ec3-dev\safetyartist\ec3-c++_fault_detection\x64\debug\ec3_faul.b2ac7f7e.tlog\ec3_fault_detection.write.1u.tlog
c:\users\lucas\documents\poliusp\ic\ec3-dev\safetyartist\ec3-c++_fault_detection\x64\debug\ec3_faul.b2ac7f7e.tlog\link.command.1.tlog
c:\users\lucas\documents\poliusp\ic\ec3-dev\safetyartist\ec3-c++_fault_detection\x64\debug\ec3_faul.b2ac7f7e.tlog\link.read.1.tlog
c:\users\lucas\documents\poliusp\ic\ec3-dev\safetyartist\ec3-c++_fault_detection\x64\debug\ec3_faul.b2ac7f7e.tlog\link.write.1.tlog
c:\users\lucas\documents\poliusp\ic\ec3-dev\safetyartist\ec3-c++_fault_detection\x64\debug\ec3_faul.b2ac7f7e.tlog\link.write.2u.tlog
