#-----------------------------------------------------------
# xsim v2022.2 (64-bit)
# SW Build 3671981 on Fri Oct 14 04:59:54 MDT 2022
# IP Build 3669848 on Fri Oct 14 08:30:02 MDT 2022
# Start of session at: Tue Feb 14 15:47:24 2023
# Process ID: 7603
# Current directory: /home/henrique/Documents/2023 01 20 Revision 4/prjFPGA2_precision_lut_analysis<24,12>
# Command line: xsim -mode tcl -source {xsim.dir/bdt_tb/xsim_script.tcl}
# Log file: /home/henrique/Documents/2023 01 20 Revision 4/prjFPGA2_precision_lut_analysis<24,12>/xsim.log
# Journal file: /home/henrique/Documents/2023 01 20 Revision 4/prjFPGA2_precision_lut_analysis<24,12>/xsim.jou
# Running On: henrique-VirtualBox, OS: Linux, CPU Frequency: 3600.006 MHz, CPU Physical cores: 4, Host memory: 11593 MB
#-----------------------------------------------------------
source xsim.dir/bdt_tb/xsim_script.tcl
# xsim {bdt_tb} -autoloadwcfg -runall
Time resolution is 1 ps
run -all
$finish called at time : 286502500 ps
run: Time (s): cpu = 00:00:00.01 ; elapsed = 00:01:06 . Memory (MB): peak = 1261.922 ; gain = 0.000 ; free physical = 4238 ; free virtual = 7646
exit
INFO: xsimkernel Simulation Memory Usage: 106436 KB (Peak: 163772 KB), Simulation CPU Usage: 65900 ms
INFO: [Common 17-206] Exiting xsim at Tue Feb 14 15:48:49 2023...
