Vivado Simulator v2022.2
Copyright 1986-1999, 2001-2022 Xilinx, Inc. All Rights Reserved.
Running: /tools/Xilinx/Vivado/2022.2/bin/unwrapped/lnx64.o/xelab work.testbench -s bdt_tb 
Multi-threading is on. Using 2 slave threads.
Starting static elaboration
Completed static elaboration
Starting simulation data flow analysis
Completed simulation data flow analysis
Time Resolution for simulation is 1ps
Compiling package std.standard
Compiling package std.textio
Compiling package ieee.std_logic_1164
Compiling package synopsys.attributes
Compiling package ieee.std_logic_misc
Compiling package ieee.numeric_std
Compiling package bdt.constants
Compiling package bdt.types
Compiling package ieee.std_logic_textio
Compiling package bdt.arrays0
Compiling package std.env
Compiling architecture rtl of entity work.SimulationInput [simulationinput_default]
Compiling architecture rtl of entity bdt.Tree [\Tree(ifeature=(0,1,0,0,0,1,1,0,...]
Compiling architecture rtl of entity bdt.Tree [\Tree(ifeature=(0,1,0,0,0,1,0,1,...]
Compiling architecture rtl of entity bdt.Tree [\Tree(ifeature=(0,1,0,0,0,1,0,1,...]
Compiling architecture behavioral of entity bdt.AddReduce [\AddReduce(id="0_C")(0,1)(23,0)(...]
Compiling architecture behavioral of entity bdt.AddReduce [\AddReduce(0,3)(23,0)(0,3)(0,0)(...]
Compiling architecture rtl of entity bdt.BDT [\BDT(ifeature=((0,1,0,0,0,1,1,0,...]
Compiling architecture rtl of entity bdt.BDTTop [bdttop_default]
Compiling architecture rtl of entity work.SimulationOutput [simulationoutput_default]
Compiling architecture rtl of entity work.testbench
Built simulation snapshot bdt_tb
