#-----------------------------------------------------------
# xsim v2022.2 (64-bit)
# SW Build 3671981 on Fri Oct 14 04:59:54 MDT 2022
# IP Build 3669848 on Fri Oct 14 08:30:02 MDT 2022
# Start of session at: Fri Feb 24 15:22:36 2023
# Process ID: 4264
# Current directory: /home/henrique/Documents/2023 XX XX Revision 6/Projects/prj_FPGA1_ap_fixed<24,12>
# Command line: xsim -mode tcl -source {xsim.dir/bdt_tb/xsim_script.tcl}
# Log file: /home/henrique/Documents/2023 XX XX Revision 6/Projects/prj_FPGA1_ap_fixed<24,12>/xsim.log
# Journal file: /home/henrique/Documents/2023 XX XX Revision 6/Projects/prj_FPGA1_ap_fixed<24,12>/xsim.jou
# Running On: henrique-VirtualBox, OS: Linux, CPU Frequency: 3600.002 MHz, CPU Physical cores: 4, Host memory: 11080 MB
#-----------------------------------------------------------
source xsim.dir/bdt_tb/xsim_script.tcl
# xsim {bdt_tb} -autoloadwcfg -runall
Time resolution is 1 ps
run -all
$finish called at time : 286497500 ps
run: Time (s): cpu = 00:00:00 ; elapsed = 00:00:36 . Memory (MB): peak = 1301.941 ; gain = 0.000 ; free physical = 5763 ; free virtual = 9590
exit
INFO: xsimkernel Simulation Memory Usage: 104488 KB (Peak: 161824 KB), Simulation CPU Usage: 36290 ms
INFO: [Common 17-206] Exiting xsim at Fri Feb 24 15:23:42 2023...
