C:\Program Files\Microsoft Visual Studio\2022\Community\MSBuild\Microsoft\VC\v170\Microsoft.CppBuild.targets(502,5): warning MSB8004: o diretório Intermediate não termina com uma barra à direita. Essa instância de compilação adicionará a barra conforme necessário para permitir a avaliação adequada do Diretório Intermediate.
C:\Program Files\Microsoft Visual Studio\2022\Community\MSBuild\Microsoft\VC\v170\Microsoft.CppBuild.targets(503,5): warning MSB8004: o diretório Output não termina com uma barra à direita. Essa instância de compilação adicionará a barra conforme necessário para permitir a avaliação adequada do Diretório Output.
  SimulationController.cpp
C:\Program Files (x86)\Windows Kits\10\Include\10.0.19041.0\ucrt\corecrt_math_defines.h(28,1): warning C4005: 'M_PI': redefinição de macro
C:\dev\vcpkg\installed\x64-windows\include\mlpack\prereqs.hpp(39,1): message : consulte a definição anterior de 'M_PI'
  ProcessUnitSC.cpp
C:\Program Files (x86)\Windows Kits\10\Include\10.0.19041.0\ucrt\corecrt_math_defines.h(28,1): warning C4005: 'M_PI': redefinição de macro
C:\dev\vcpkg\installed\x64-windows\include\mlpack\prereqs.hpp(39,1): message : consulte a definição anterior de 'M_PI'
  Supervised.cpp
  FailedOutputGenerator.cpp
  ProcessUnitSD.cpp
  Supervisor.cpp
  ProcessUnitSR.cpp
  Component.cpp
  main.cpp
C:\Program Files (x86)\Windows Kits\10\Include\10.0.19041.0\ucrt\corecrt_math_defines.h(28,1): warning C4005: 'M_PI': redefinição de macro
C:\dev\vcpkg\installed\x64-windows\include\mlpack\prereqs.hpp(39,1): message : consulte a definição anterior de 'M_PI'
  SimulationControllerTest1.cpp
C:\Program Files (x86)\Windows Kits\10\Include\10.0.19041.0\ucrt\corecrt_math_defines.h(28,1): warning C4005: 'M_PI': redefinição de macro
C:\dev\vcpkg\installed\x64-windows\include\mlpack\prereqs.hpp(39,1): message : consulte a definição anterior de 'M_PI'
  SupervisorLogErrorTest.cpp
  Gerando Código...
  EC3_Fault_Detection.vcxproj -> C:\Users\lucas\Documents\PoliUSP\IC\EC3-dev\safetyartist\EC3-C++_Fault_Detection\bin\x64\EC3_Fault_Detection_.exe
