c:\users\lucas\documents\poliusp\ic\ec3-dev\safetyartist\ec3-c++_fault_detection\bin\x64\obj\vc143.pdb
c:\users\lucas\documents\poliusp\ic\ec3-dev\safetyartist\ec3-c++_fault_detection\bin\x64\obj\simulatorfailureexcep.obj
c:\users\lucas\documents\poliusp\ic\ec3-dev\safetyartist\ec3-c++_fault_detection\bin\x64\obj\main.obj
c:\users\lucas\documents\poliusp\ic\ec3-dev\safetyartist\ec3-c++_fault_detection\bin\x64\obj\registersoverflowexcep.obj
c:\users\lucas\documents\poliusp\ic\ec3-dev\safetyartist\ec3-c++_fault_detection\bin\x64\obj\incompatibleiterationexcep.obj
c:\users\lucas\documents\poliusp\ic\ec3-dev\safetyartist\ec3-c++_fault_detection\bin\x64\obj\failuredetectedexcep.obj
c:\users\lucas\documents\poliusp\ic\ec3-dev\safetyartist\ec3-c++_fault_detection\bin\x64\obj\abortsimulationopexcep.obj
c:\users\lucas\documents\poliusp\ic\ec3-dev\safetyartist\ec3-c++_fault_detection\bin\x64\obj\component.obj
c:\users\lucas\documents\poliusp\ic\ec3-dev\safetyartist\ec3-c++_fault_detection\bin\x64\obj\processunitsr.obj
c:\users\lucas\documents\poliusp\ic\ec3-dev\safetyartist\ec3-c++_fault_detection\bin\x64\obj\datahandler.obj
c:\users\lucas\documents\poliusp\ic\ec3-dev\safetyartist\ec3-c++_fault_detection\bin\x64\obj\analysisunit.obj
c:\users\lucas\documents\poliusp\ic\ec3-dev\safetyartist\ec3-c++_fault_detection\bin\x64\obj\supervisor.obj
c:\users\lucas\documents\poliusp\ic\ec3-dev\safetyartist\ec3-c++_fault_detection\bin\x64\obj\processunitsd.obj
c:\users\lucas\documents\poliusp\ic\ec3-dev\safetyartist\ec3-c++_fault_detection\bin\x64\obj\outputgenerator.obj
c:\users\lucas\documents\poliusp\ic\ec3-dev\safetyartist\ec3-c++_fault_detection\bin\x64\obj\failedoutputgenerator.obj
c:\users\lucas\documents\poliusp\ic\ec3-dev\safetyartist\ec3-c++_fault_detection\bin\x64\obj\correctoutputgenerator.obj
c:\users\lucas\documents\poliusp\ic\ec3-dev\safetyartist\ec3-c++_fault_detection\bin\x64\obj\supervised.obj
c:\users\lucas\documents\poliusp\ic\ec3-dev\safetyartist\ec3-c++_fault_detection\bin\x64\obj\processunitsc.obj
c:\users\lucas\documents\poliusp\ic\ec3-dev\safetyartist\ec3-c++_fault_detection\bin\x64\obj\paramscontroller.obj
c:\users\lucas\documents\poliusp\ic\ec3-dev\safetyartist\ec3-c++_fault_detection\bin\x64\obj\failurecontroller.obj
c:\users\lucas\documents\poliusp\ic\ec3-dev\safetyartist\ec3-c++_fault_detection\bin\x64\obj\simulationcontroller.obj
c:\users\lucas\documents\poliusp\ic\ec3-dev\safetyartist\ec3-c++_fault_detection\bin\x64\obj\supervisorlogerrortest.obj
c:\users\lucas\documents\poliusp\ic\ec3-dev\safetyartist\ec3-c++_fault_detection\bin\x64\obj\simulationcontrollertest1.obj
c:\users\lucas\documents\poliusp\ic\ec3-dev\safetyartist\ec3-c++_fault_detection\bin\x64\obj\loadfaultmodestest.obj
c:\users\lucas\documents\poliusp\ic\ec3-dev\safetyartist\ec3-c++_fault_detection\bin\x64\obj\randomgeneratortest.obj
c:\users\lucas\documents\poliusp\ic\ec3-dev\safetyartist\ec3-c++_fault_detection\bin\x64\obj\mtrandengine.obj
c:\users\lucas\documents\poliusp\ic\ec3-dev\safetyartist\ec3-c++_fault_detection\bin\x64\obj\silhouettescore.obj
c:\users\lucas\documents\poliusp\ic\ec3-dev\safetyartist\ec3-c++_fault_detection\bin\x64\obj\kmeans.obj
c:\users\lucas\documents\poliusp\ic\ec3-dev\safetyartist\ec3-c++_fault_detection\bin\x64\boost_serialization-vc143-mt-x64-1_79.dll
c:\users\lucas\documents\poliusp\ic\ec3-dev\safetyartist\ec3-c++_fault_detection\bin\x64\liblapack.dll
c:\users\lucas\documents\poliusp\ic\ec3-dev\safetyartist\ec3-c++_fault_detection\bin\x64\libgcc_s_seh-1.dll
c:\users\lucas\documents\poliusp\ic\ec3-dev\safetyartist\ec3-c++_fault_detection\bin\x64\libwinpthread-1.dll
c:\users\lucas\documents\poliusp\ic\ec3-dev\safetyartist\ec3-c++_fault_detection\bin\x64\libgfortran-5.dll
c:\users\lucas\documents\poliusp\ic\ec3-dev\safetyartist\ec3-c++_fault_detection\bin\x64\libquadmath-0.dll
c:\users\lucas\documents\poliusp\ic\ec3-dev\safetyartist\ec3-c++_fault_detection\bin\x64\openblas.dll
c:\users\lucas\documents\poliusp\ic\ec3-dev\safetyartist\ec3-c++_fault_detection\bin\x64\mlpack.dll
c:\users\lucas\documents\poliusp\ic\ec3-dev\safetyartist\ec3-c++_fault_detection\bin\x64\ec3_fault_detection_.ilk
c:\users\lucas\documents\poliusp\ic\ec3-dev\safetyartist\ec3-c++_fault_detection\bin\x64\ec3_fault_detection_.exe
c:\users\lucas\documents\poliusp\ic\ec3-dev\safetyartist\ec3-c++_fault_detection\bin\x64\ec3_fault_detection_.pdb
c:\users\lucas\documents\poliusp\ic\ec3-dev\safetyartist\ec3-c++_fault_detection\bin\x64\ec3_fault_detection_.lib
c:\users\lucas\documents\poliusp\ic\ec3-dev\safetyartist\ec3-c++_fault_detection\bin\x64\ec3_fault_detection_.exp
c:\users\gas-admin\source\repos\ec3-c++_fault_detection\bin\x64\obj\abortsimulationopexcep.obj
c:\users\gas-admin\source\repos\ec3-c++_fault_detection\bin\x64\obj\analysisunit.obj
c:\users\gas-admin\source\repos\ec3-c++_fault_detection\bin\x64\obj\component.obj
c:\users\gas-admin\source\repos\ec3-c++_fault_detection\bin\x64\obj\correctoutputgenerator.obj
c:\users\gas-admin\source\repos\ec3-c++_fault_detection\bin\x64\obj\datahandler.obj
c:\users\gas-admin\source\repos\ec3-c++_fault_detection\bin\x64\obj\failedoutputgenerator.obj
c:\users\gas-admin\source\repos\ec3-c++_fault_detection\bin\x64\obj\failurecontroller.obj
c:\users\gas-admin\source\repos\ec3-c++_fault_detection\bin\x64\obj\failuredetectedexcep.obj
c:\users\gas-admin\source\repos\ec3-c++_fault_detection\bin\x64\obj\incompatibleiterationexcep.obj
c:\users\gas-admin\source\repos\ec3-c++_fault_detection\bin\x64\obj\kmeans.obj
c:\users\gas-admin\source\repos\ec3-c++_fault_detection\bin\x64\obj\loadfaultmodestest.obj
c:\users\gas-admin\source\repos\ec3-c++_fault_detection\bin\x64\obj\main.obj
c:\users\gas-admin\source\repos\ec3-c++_fault_detection\bin\x64\obj\mtrandengine.obj
c:\users\gas-admin\source\repos\ec3-c++_fault_detection\bin\x64\obj\outputgenerator.obj
c:\users\gas-admin\source\repos\ec3-c++_fault_detection\bin\x64\obj\paramscontroller.obj
c:\users\gas-admin\source\repos\ec3-c++_fault_detection\bin\x64\obj\processunitsc.obj
c:\users\gas-admin\source\repos\ec3-c++_fault_detection\bin\x64\obj\processunitsd.obj
c:\users\gas-admin\source\repos\ec3-c++_fault_detection\bin\x64\obj\processunitsr.obj
c:\users\gas-admin\source\repos\ec3-c++_fault_detection\bin\x64\obj\randomgeneratortest.obj
c:\users\gas-admin\source\repos\ec3-c++_fault_detection\bin\x64\obj\registersoverflowexcep.obj
c:\users\gas-admin\source\repos\ec3-c++_fault_detection\bin\x64\obj\silhouettescore.obj
c:\users\gas-admin\source\repos\ec3-c++_fault_detection\bin\x64\obj\simulationcontroller.obj
c:\users\gas-admin\source\repos\ec3-c++_fault_detection\bin\x64\obj\simulationcontrollertest1.obj
c:\users\gas-admin\source\repos\ec3-c++_fault_detection\bin\x64\obj\simulatorfailureexcep.obj
c:\users\gas-admin\source\repos\ec3-c++_fault_detection\bin\x64\obj\supervised.obj
c:\users\gas-admin\source\repos\ec3-c++_fault_detection\bin\x64\obj\supervisor.obj
c:\users\gas-admin\source\repos\ec3-c++_fault_detection\bin\x64\obj\supervisorlogerrortest.obj
c:\users\gas-admin\source\repos\ec3-c++_fault_detection\bin\x64\obj\vc143.pdb
c:\users\gas-admin\source\repos\ec3-c++_fault_detection\bin\x64\ec3_fault_detection_.exe
c:\users\gas-admin\source\repos\ec3-c++_fault_detection\bin\x64\obj\ec3_faul.b2ac7f7e.tlog\cl.command.1.tlog
c:\users\gas-admin\source\repos\ec3-c++_fault_detection\bin\x64\obj\ec3_faul.b2ac7f7e.tlog\cl.read.1.tlog
c:\users\gas-admin\source\repos\ec3-c++_fault_detection\bin\x64\obj\ec3_faul.b2ac7f7e.tlog\cl.write.1.tlog
c:\users\gas-admin\source\repos\ec3-c++_fault_detection\bin\x64\obj\ec3_faul.b2ac7f7e.tlog\ec3_fault_detection.write.1u.tlog
c:\users\gas-admin\source\repos\ec3-c++_fault_detection\bin\x64\obj\ec3_faul.b2ac7f7e.tlog\link.command.1.tlog
c:\users\gas-admin\source\repos\ec3-c++_fault_detection\bin\x64\obj\ec3_faul.b2ac7f7e.tlog\link.read.1.tlog
c:\users\gas-admin\source\repos\ec3-c++_fault_detection\bin\x64\obj\ec3_faul.b2ac7f7e.tlog\link.write.1.tlog
c:\users\gas-admin\source\repos\ec3-c++_fault_detection\bin\x64\obj\ec3_faul.b2ac7f7e.tlog\link.write.2u.tlog
