#-----------------------------------------------------------
# xsim v2022.2 (64-bit)
# SW Build 3671981 on Fri Oct 14 04:59:54 MDT 2022
# IP Build 3669848 on Fri Oct 14 08:30:02 MDT 2022
# Start of session at: Wed Feb 15 16:28:27 2023
# Process ID: 14429
# Current directory: /home/henrique/Documents/2023 01 20 Revision 4/prjFPGA1_precision_lut_analysis<24,12>
# Command line: xsim -mode tcl -source {xsim.dir/bdt_tb/xsim_script.tcl}
# Log file: /home/henrique/Documents/2023 01 20 Revision 4/prjFPGA1_precision_lut_analysis<24,12>/xsim.log
# Journal file: /home/henrique/Documents/2023 01 20 Revision 4/prjFPGA1_precision_lut_analysis<24,12>/xsim.jou
# Running On: henrique-VirtualBox, OS: Linux, CPU Frequency: 3600.002 MHz, CPU Physical cores: 4, Host memory: 11593 MB
#-----------------------------------------------------------
source xsim.dir/bdt_tb/xsim_script.tcl
# xsim {bdt_tb} -autoloadwcfg -runall
Time resolution is 1 ps
run -all
$finish called at time : 286497500 ps
run: Time (s): cpu = 00:00:00 ; elapsed = 00:00:36 . Memory (MB): peak = 1253.918 ; gain = 0.000 ; free physical = 5273 ; free virtual = 9117
exit
INFO: xsimkernel Simulation Memory Usage: 104484 KB (Peak: 161820 KB), Simulation CPU Usage: 35980 ms
INFO: [Common 17-206] Exiting xsim at Wed Feb 15 16:29:07 2023...
